Flutter crash report.
Please report a bug at https://github.com/flutter/flutter/issues.

## command

flutter run

## exception

_InternalError: InternalError: 'Failed to create ZLibDeflateFilter'

```
#0      _ZLibDeflateFilter._init (dart:io-patch/filter_patch.dart:31:53)
#1      new _ZLibDeflateFilter (dart:io-patch/filter_patch.dart:27:5)
#2      RawZLibFilter._makeZLibDeflateFilter (dart:io-patch/filter_patch.dart:45:11)
#3      new _ZLibEncoderSink._ (dart:io/data_transformer.dart:469:27)
#4      ZLibEncoder.startChunkedConversion (dart:io/data_transformer.dart:325:16)
#5      new _ConverterStreamEventSink (dart:convert/chunked_conversion.dart:66:34)
#6      Converter.bind.<anonymous closure> (dart:convert/converter.dart:46:37)
#7      new _SinkTransformerStreamSubscription (dart:async/stream_transformers.dart:47:30)
#8      _BoundSinkStream.listen (dart:async/stream_transformers.dart:171:9)
#9      _HttpOutgoing.addStream (dart:_http/http_impl.dart:1792:22)
#10     _StreamSinkImpl.addStream.targetAddStream (dart:_http/http_impl.dart:932:22)
#11     _StreamSinkImpl.addStream (dart:_http/http_impl.dart:938:36)
#12     _HttpOutboundMessage.addStream (dart:_http/http_impl.dart:1152:20)
#13     _DevFSHttpWriter._startWrite (package:flutter_tools/src/devfs.dart:347:23)
<asynchronous suspension>
```

## flutter doctor

```
[32m[✓][39m Flutter (Channel stable, 3.22.0, on Microsoft Windows [Version 10.0.22631.3593], locale en-US)
    [32m•[39m Flutter version 3.22.0 on channel stable at C:\flutter
    [32m•[39m Upstream repository https://github.com/flutter/flutter.git
    [32m•[39m Framework revision 5dcb86f68f (5 weeks ago), 2024-05-09 07:39:20 -0500
    [32m•[39m Engine revision f6344b75dc
    [32m•[39m Dart version 3.4.0
    [32m•[39m DevTools version 2.34.3

[32m[✓][39m Windows Version (Installed version of Windows is version 10 or higher)

[33m[!][39m Android toolchain - develop for Android devices (Android SDK version 34.0.0)
    [32m•[39m Android SDK at C:\Users\kritt\AppData\Local\Android\sdk
    [32m•[39m Platform android-34, build-tools 34.0.0
    [32m•[39m Java binary at: C:\Program Files\Android\Android Studio\jbr\bin\java
    [32m•[39m Java version OpenJDK Runtime Environment (build 17.0.10+0--11572160)

[31m[✗][39m Chrome - develop for the web (Cannot find Chrome executable at .\Google\Chrome\Application\chrome.exe)
    [33m![39m Cannot find Chrome. Try setting CHROME_EXECUTABLE to a Chrome executable.

[31m[✗][39m Visual Studio - develop Windows apps
    [31m✗[39m Visual Studio not installed; this is necessary to develop Windows apps.
      Download at https://visualstudio.microsoft.com/downloads/.
      Please install the "Desktop development with C++" workload, including all of its default components

[33m[!][39m Android Studio (version 2023.3)
    [32m•[39m Android Studio at C:\Program Files\Android\Android Studio
    [32m•[39m Flutter plugin can be installed from:
      🔨 https://plugins.jetbrains.com/plugin/9212-flutter
    [32m•[39m Dart plugin can be installed from:
      🔨 https://plugins.jetbrains.com/plugin/6351-dart
    [31m✗[39m Unable to determine bundled Java version.
    [32m•[39m Try updating or re-installing Android Studio.

[32m[✓][39m VS Code (version 1.90.0)
    [32m•[39m VS Code at C:\Users\kritt\AppData\Local\Programs\Microsoft VS Code
    [32m•[39m Flutter extension version 3.90.0

[32m[✓][39m Connected device (3 available)
    [32m•[39m sdk gphone64 x86 64 (mobile) • emulator-5554 • android-x64    • Android 14 (API 34) (emulator)
    [32m•[39m Windows (desktop)            • windows       • windows-x64    • Microsoft Windows [Version 10.0.22631.3593]
    [32m•[39m Edge (web)                   • edge          • web-javascript • Microsoft Edge 125.0.2535.92

[32m[✓][39m Network resources
    [32m•[39m All expected network resources are available.

[33m![39m Doctor found issues in 4 categories.
```
